2017/04/10 02:26:06 [trace] [system.CModule] Loading "log" application component
in C:\wamp64\www\SGE\index.php (13)
2017/04/10 02:26:06 [trace] [system.CModule] Loading "bootstrap" application component
in C:\wamp64\www\SGE\index.php (13)
2017/04/10 02:26:06 [trace] [system.CModule] Loading "clientScript" application component
in C:\wamp64\www\SGE\protected\extensions\bootstrap\components\Bootstrap.php (414)
in C:\wamp64\www\SGE\protected\extensions\bootstrap\components\Bootstrap.php (204)
in C:\wamp64\www\SGE\index.php (13)
2017/04/10 02:26:06 [trace] [system.CModule] Loading "assetManager" application component
in C:\wamp64\www\SGE\protected\extensions\bootstrap\components\Bootstrap.php (402)
in C:\wamp64\www\SGE\protected\extensions\bootstrap\components\packages.php (14)
in C:\wamp64\www\SGE\protected\extensions\bootstrap\components\Bootstrap.php (252)
2017/04/10 02:26:06 [trace] [system.CModule] Loading "request" application component
in C:\wamp64\www\SGE\protected\extensions\bootstrap\components\Bootstrap.php (407)
in C:\wamp64\www\SGE\protected\extensions\bootstrap\components\packages.php (14)
in C:\wamp64\www\SGE\protected\extensions\bootstrap\components\Bootstrap.php (252)
2017/04/10 02:26:06 [trace] [system.CModule] Loading "urlManager" application component
in C:\wamp64\www\SGE\index.php (13)
2017/04/10 02:26:06 [trace] [system.CModule] Loading "themeManager" application component
in C:\wamp64\www\SGE\protected\controllers\SiteController.php (32)
in C:\wamp64\www\SGE\index.php (13)
2017/04/10 02:26:06 [trace] [system.CModule] Loading "widgetFactory" application component
in C:\wamp64\www\SGE\protected\extensions\heart\views\layouts\column1.php (2)
in C:\wamp64\www\SGE\protected\controllers\SiteController.php (32)
in C:\wamp64\www\SGE\index.php (13)
2017/04/10 02:26:06 [trace] [system.CModule] Loading "user" application component
in C:\wamp64\www\SGE\protected\extensions\heart\views\layouts\_menu.php (12)
in C:\wamp64\www\SGE\protected\extensions\heart\views\layouts\main.php (17)
in C:\wamp64\www\SGE\protected\extensions\heart\views\layouts\column1.php (26)
2017/04/10 02:26:06 [trace] [system.CModule] Loading "session" application component
in C:\wamp64\www\SGE\protected\extensions\heart\views\layouts\_menu.php (12)
in C:\wamp64\www\SGE\protected\extensions\heart\views\layouts\main.php (17)
in C:\wamp64\www\SGE\protected\extensions\heart\views\layouts\column1.php (26)
2017/04/10 02:26:09 [trace] [system.CModule] Loading "log" application component
in C:\wamp64\www\SGE\index.php (13)
2017/04/10 02:26:09 [trace] [system.CModule] Loading "bootstrap" application component
in C:\wamp64\www\SGE\index.php (13)
2017/04/10 02:26:09 [trace] [system.CModule] Loading "clientScript" application component
in C:\wamp64\www\SGE\protected\extensions\bootstrap\components\Bootstrap.php (414)
in C:\wamp64\www\SGE\protected\extensions\bootstrap\components\Bootstrap.php (204)
in C:\wamp64\www\SGE\index.php (13)
2017/04/10 02:26:09 [trace] [system.CModule] Loading "assetManager" application component
in C:\wamp64\www\SGE\protected\extensions\bootstrap\components\Bootstrap.php (402)
in C:\wamp64\www\SGE\protected\extensions\bootstrap\components\packages.php (14)
in C:\wamp64\www\SGE\protected\extensions\bootstrap\components\Bootstrap.php (252)
2017/04/10 02:26:09 [trace] [system.CModule] Loading "request" application component
in C:\wamp64\www\SGE\protected\extensions\bootstrap\components\Bootstrap.php (407)
in C:\wamp64\www\SGE\protected\extensions\bootstrap\components\packages.php (14)
in C:\wamp64\www\SGE\protected\extensions\bootstrap\components\Bootstrap.php (252)
2017/04/10 02:26:09 [trace] [system.CModule] Loading "urlManager" application component
in C:\wamp64\www\SGE\index.php (13)
2017/04/10 02:26:09 [trace] [system.web.filters.CFilterChain] Running filter UsuarioController.filteraccessControl()
in C:\wamp64\www\SGE\index.php (13)
2017/04/10 02:26:09 [trace] [system.CModule] Loading "user" application component
in C:\wamp64\www\SGE\index.php (13)
2017/04/10 02:26:09 [trace] [system.CModule] Loading "session" application component
in C:\wamp64\www\SGE\index.php (13)
2017/04/10 02:26:09 [trace] [system.CModule] Loading "db" application component
in C:\wamp64\www\SGE\protected\controllers\UsuarioController.php (327)
in C:\wamp64\www\SGE\index.php (13)
2017/04/10 02:26:09 [trace] [system.db.CDbConnection] Opening DB connection
in C:\wamp64\www\SGE\protected\controllers\UsuarioController.php (327)
in C:\wamp64\www\SGE\index.php (13)
2017/04/10 02:26:09 [trace] [system.db.CDbCommand] Querying SQL: SHOW FULL COLUMNS FROM `usuario`
in C:\wamp64\www\SGE\protected\controllers\UsuarioController.php (327)
in C:\wamp64\www\SGE\index.php (13)
2017/04/10 02:26:09 [trace] [system.db.CDbCommand] Querying SQL: SHOW CREATE TABLE `usuario`
in C:\wamp64\www\SGE\protected\controllers\UsuarioController.php (327)
in C:\wamp64\www\SGE\index.php (13)
2017/04/10 02:26:09 [trace] [system.CModule] Loading "themeManager" application component
in C:\wamp64\www\SGE\protected\controllers\UsuarioController.php (334)
in C:\wamp64\www\SGE\index.php (13)
2017/04/10 02:26:09 [trace] [system.CModule] Loading "widgetFactory" application component
in C:\wamp64\www\SGE\protected\views\usuario\admin.php (30)
in C:\wamp64\www\SGE\protected\controllers\UsuarioController.php (334)
in C:\wamp64\www\SGE\index.php (13)
2017/04/10 02:26:09 [trace] [system.db.ar.CActiveRecord] Usuario.count()
in C:\wamp64\www\SGE\protected\extensions\bootstrap\widgets\TbGridView.php (68)
in C:\wamp64\www\SGE\protected\views\usuario\admin.php (180)
in C:\wamp64\www\SGE\protected\controllers\UsuarioController.php (334)
2017/04/10 02:26:09 [trace] [system.db.CDbCommand] Querying SQL: SELECT COUNT(*) FROM `usuario` `t`
in C:\wamp64\www\SGE\protected\extensions\bootstrap\widgets\TbGridView.php (68)
in C:\wamp64\www\SGE\protected\views\usuario\admin.php (180)
in C:\wamp64\www\SGE\protected\controllers\UsuarioController.php (334)
2017/04/10 02:26:09 [trace] [system.db.ar.CActiveRecord] Usuario.findAll()
in C:\wamp64\www\SGE\protected\extensions\bootstrap\widgets\TbGridView.php (68)
in C:\wamp64\www\SGE\protected\views\usuario\admin.php (180)
in C:\wamp64\www\SGE\protected\controllers\UsuarioController.php (334)
2017/04/10 02:26:09 [trace] [system.db.CDbCommand] Querying SQL: SELECT * FROM `usuario` `t` LIMIT 10
in C:\wamp64\www\SGE\protected\extensions\bootstrap\widgets\TbGridView.php (68)
in C:\wamp64\www\SGE\protected\views\usuario\admin.php (180)
in C:\wamp64\www\SGE\protected\controllers\UsuarioController.php (334)
2017/04/10 02:26:09 [trace] [system.CModule] Loading "coreMessages" application component
in C:\wamp64\www\SGE\protected\extensions\bootstrap\widgets\TbButtonColumn.php (44)
in C:\wamp64\www\SGE\protected\extensions\bootstrap\widgets\TbGridView.php (125)
in C:\wamp64\www\SGE\protected\extensions\bootstrap\widgets\TbGridView.php (68)
2017/04/10 02:26:09 [trace] [system.CModule] Loading "format" application component
in C:\wamp64\www\SGE\protected\views\usuario\admin.php (180)
in C:\wamp64\www\SGE\protected\controllers\UsuarioController.php (334)
in C:\wamp64\www\SGE\index.php (13)
2017/04/10 02:26:09 [trace] [system.CModule] Loading "messages" application component
in C:\wamp64\www\SGE\protected\extensions\bootstrap\widgets\TbEditableField.php (687)
in C:\wamp64\www\SGE\protected\extensions\bootstrap\widgets\TbEditableField.php (442)
in C:\wamp64\www\SGE\protected\extensions\bootstrap\widgets\TbEditableField.php (382)
2017/04/10 02:26:12 [trace] [system.CModule] Loading "log" application component
in C:\wamp64\www\SGE\index.php (13)
2017/04/10 02:26:12 [trace] [system.CModule] Loading "bootstrap" application component
in C:\wamp64\www\SGE\index.php (13)
2017/04/10 02:26:12 [trace] [system.CModule] Loading "clientScript" application component
in C:\wamp64\www\SGE\protected\extensions\bootstrap\components\Bootstrap.php (414)
in C:\wamp64\www\SGE\protected\extensions\bootstrap\components\Bootstrap.php (204)
in C:\wamp64\www\SGE\index.php (13)
2017/04/10 02:26:12 [trace] [system.CModule] Loading "assetManager" application component
in C:\wamp64\www\SGE\protected\extensions\bootstrap\components\Bootstrap.php (402)
in C:\wamp64\www\SGE\protected\extensions\bootstrap\components\packages.php (14)
in C:\wamp64\www\SGE\protected\extensions\bootstrap\components\Bootstrap.php (252)
2017/04/10 02:26:12 [trace] [system.CModule] Loading "request" application component
in C:\wamp64\www\SGE\protected\extensions\bootstrap\components\Bootstrap.php (407)
in C:\wamp64\www\SGE\protected\extensions\bootstrap\components\packages.php (14)
in C:\wamp64\www\SGE\protected\extensions\bootstrap\components\Bootstrap.php (252)
2017/04/10 02:26:12 [trace] [system.CModule] Loading "urlManager" application component
in C:\wamp64\www\SGE\index.php (13)
2017/04/10 02:26:12 [trace] [system.web.filters.CFilterChain] Running filter UsuarioRolController.filteraccessControl()
in C:\wamp64\www\SGE\index.php (13)
2017/04/10 02:26:12 [trace] [system.CModule] Loading "user" application component
in C:\wamp64\www\SGE\protected\controllers\UsuarioRolController.php (34)
in C:\wamp64\www\SGE\index.php (13)
2017/04/10 02:26:12 [trace] [system.CModule] Loading "session" application component
in C:\wamp64\www\SGE\protected\controllers\UsuarioRolController.php (34)
in C:\wamp64\www\SGE\index.php (13)
2017/04/10 02:26:12 [trace] [system.CModule] Loading "db" application component
in C:\wamp64\www\SGE\protected\controllers\UsuarioRolController.php (117)
in C:\wamp64\www\SGE\index.php (13)
2017/04/10 02:26:12 [trace] [system.db.CDbConnection] Opening DB connection
in C:\wamp64\www\SGE\protected\controllers\UsuarioRolController.php (117)
in C:\wamp64\www\SGE\index.php (13)
2017/04/10 02:26:12 [trace] [system.db.CDbCommand] Querying SQL: SHOW FULL COLUMNS FROM `usuario_rol`
in C:\wamp64\www\SGE\protected\controllers\UsuarioRolController.php (117)
in C:\wamp64\www\SGE\index.php (13)
2017/04/10 02:26:12 [trace] [system.db.CDbCommand] Querying SQL: SHOW CREATE TABLE `usuario_rol`
in C:\wamp64\www\SGE\protected\controllers\UsuarioRolController.php (117)
in C:\wamp64\www\SGE\index.php (13)
2017/04/10 02:26:12 [trace] [system.CModule] Loading "themeManager" application component
in C:\wamp64\www\SGE\protected\controllers\UsuarioRolController.php (117)
in C:\wamp64\www\SGE\index.php (13)
2017/04/10 02:26:12 [trace] [system.CModule] Loading "widgetFactory" application component
in C:\wamp64\www\SGE\protected\views\usuarioRol\admin.php (43)
in C:\wamp64\www\SGE\protected\controllers\UsuarioRolController.php (117)
in C:\wamp64\www\SGE\index.php (13)
2017/04/10 02:26:12 [trace] [system.db.ar.CActiveRecord] UsuarioRol.count()
in C:\wamp64\www\SGE\protected\extensions\bootstrap\widgets\TbGridView.php (68)
in C:\wamp64\www\SGE\protected\views\usuarioRol\admin.php (114)
in C:\wamp64\www\SGE\protected\controllers\UsuarioRolController.php (117)
2017/04/10 02:26:12 [trace] [system.db.CDbCommand] Querying SQL: SHOW FULL COLUMNS FROM `usuario`
in C:\wamp64\www\SGE\protected\extensions\bootstrap\widgets\TbGridView.php (68)
in C:\wamp64\www\SGE\protected\views\usuarioRol\admin.php (114)
in C:\wamp64\www\SGE\protected\controllers\UsuarioRolController.php (117)
2017/04/10 02:26:12 [trace] [system.db.CDbCommand] Querying SQL: SHOW CREATE TABLE `usuario`
in C:\wamp64\www\SGE\protected\extensions\bootstrap\widgets\TbGridView.php (68)
in C:\wamp64\www\SGE\protected\views\usuarioRol\admin.php (114)
in C:\wamp64\www\SGE\protected\controllers\UsuarioRolController.php (117)
2017/04/10 02:26:12 [trace] [system.db.CDbCommand] Querying SQL: SHOW FULL COLUMNS FROM `rol`
in C:\wamp64\www\SGE\protected\extensions\bootstrap\widgets\TbGridView.php (68)
in C:\wamp64\www\SGE\protected\views\usuarioRol\admin.php (114)
in C:\wamp64\www\SGE\protected\controllers\UsuarioRolController.php (117)
2017/04/10 02:26:12 [trace] [system.db.CDbCommand] Querying SQL: SHOW CREATE TABLE `rol`
in C:\wamp64\www\SGE\protected\extensions\bootstrap\widgets\TbGridView.php (68)
in C:\wamp64\www\SGE\protected\views\usuarioRol\admin.php (114)
in C:\wamp64\www\SGE\protected\controllers\UsuarioRolController.php (117)
2017/04/10 02:26:12 [trace] [system.db.ar.CActiveRecord] UsuarioRol.count() eagerly
in C:\wamp64\www\SGE\protected\extensions\bootstrap\widgets\TbGridView.php (68)
in C:\wamp64\www\SGE\protected\views\usuarioRol\admin.php (114)
in C:\wamp64\www\SGE\protected\controllers\UsuarioRolController.php (117)
2017/04/10 02:26:12 [trace] [system.db.CDbCommand] Querying SQL: SELECT COUNT(DISTINCT `t`.`id`) FROM `usuario_rol` `t`  LEFT OUTER JOIN `usuario` `usuario` ON (`t`.`id_usuario`=`usuario`.`id`) LEFT OUTER JOIN `rol` `rol` ON (`t`.`id_rol`=`rol`.`id`)
in C:\wamp64\www\SGE\protected\extensions\bootstrap\widgets\TbGridView.php (68)
in C:\wamp64\www\SGE\protected\views\usuarioRol\admin.php (114)
in C:\wamp64\www\SGE\protected\controllers\UsuarioRolController.php (117)
2017/04/10 02:26:12 [trace] [system.db.ar.CActiveRecord] UsuarioRol.findAll()
in C:\wamp64\www\SGE\protected\extensions\bootstrap\widgets\TbGridView.php (68)
in C:\wamp64\www\SGE\protected\views\usuarioRol\admin.php (114)
in C:\wamp64\www\SGE\protected\controllers\UsuarioRolController.php (117)
2017/04/10 02:26:12 [trace] [system.db.CDbCommand] Querying SQL: SELECT `t`.`id` AS `t0_c0`, `t`.`id_rol` AS `t0_c1`, `t`.`id_usuario` AS `t0_c2`, `t`.`created` AS `t0_c3`, `t`.`last_update` AS `t0_c4`, `usuario`.`id` AS `t1_c0`, `usuario`.`nombre` AS `t1_c1`, `usuario`.`apellido` AS `t1_c2`, `usuario`.`dni` AS `t1_c3`, `usuario`.`email` AS `t1_c4`, `usuario`.`estado` AS `t1_c5`, `usuario`.`hased_paswword` AS `t1_c6`, `usuario`.`last_login` AS `t1_c7`, `usuario`.`created` AS `t1_c8`, `usuario`.`last_update` AS `t1_c9`, `rol`.`id` AS `t2_c0`, `rol`.`nombre` AS `t2_c1`, `rol`.`created` AS `t2_c2`, `rol`.`last_update` AS `t2_c3` FROM `usuario_rol` `t`  LEFT OUTER JOIN `usuario` `usuario` ON (`t`.`id_usuario`=`usuario`.`id`) LEFT OUTER JOIN `rol` `rol` ON (`t`.`id_rol`=`rol`.`id`) LIMIT 10
in C:\wamp64\www\SGE\protected\extensions\bootstrap\widgets\TbGridView.php (68)
in C:\wamp64\www\SGE\protected\views\usuarioRol\admin.php (114)
in C:\wamp64\www\SGE\protected\controllers\UsuarioRolController.php (117)
2017/04/10 02:26:12 [trace] [system.CModule] Loading "coreMessages" application component
in C:\wamp64\www\SGE\protected\extensions\bootstrap\widgets\TbButtonColumn.php (44)
in C:\wamp64\www\SGE\protected\extensions\bootstrap\widgets\TbGridView.php (125)
in C:\wamp64\www\SGE\protected\extensions\bootstrap\widgets\TbGridView.php (68)
2017/04/10 02:26:12 [trace] [system.CModule] Loading "format" application component
in C:\wamp64\www\SGE\protected\views\usuarioRol\admin.php (114)
in C:\wamp64\www\SGE\protected\controllers\UsuarioRolController.php (117)
in C:\wamp64\www\SGE\index.php (13)
2017/04/10 02:26:19 [trace] [system.CModule] Loading "log" application component
in C:\wamp64\www\SGE\index.php (13)
2017/04/10 02:26:19 [trace] [system.CModule] Loading "bootstrap" application component
in C:\wamp64\www\SGE\index.php (13)
2017/04/10 02:26:19 [trace] [system.CModule] Loading "clientScript" application component
in C:\wamp64\www\SGE\protected\extensions\bootstrap\components\Bootstrap.php (414)
in C:\wamp64\www\SGE\protected\extensions\bootstrap\components\Bootstrap.php (204)
in C:\wamp64\www\SGE\index.php (13)
2017/04/10 02:26:19 [trace] [system.CModule] Loading "assetManager" application component
in C:\wamp64\www\SGE\protected\extensions\bootstrap\components\Bootstrap.php (402)
in C:\wamp64\www\SGE\protected\extensions\bootstrap\components\packages.php (14)
in C:\wamp64\www\SGE\protected\extensions\bootstrap\components\Bootstrap.php (252)
2017/04/10 02:26:19 [trace] [system.CModule] Loading "request" application component
in C:\wamp64\www\SGE\protected\extensions\bootstrap\components\Bootstrap.php (407)
in C:\wamp64\www\SGE\protected\extensions\bootstrap\components\packages.php (14)
in C:\wamp64\www\SGE\protected\extensions\bootstrap\components\Bootstrap.php (252)
2017/04/10 02:26:19 [trace] [system.CModule] Loading "urlManager" application component
in C:\wamp64\www\SGE\index.php (13)
2017/04/10 02:26:19 [trace] [system.web.filters.CFilterChain] Running filter UsuarioRolController.filteraccessControl()
in C:\wamp64\www\SGE\index.php (13)
2017/04/10 02:26:19 [trace] [system.CModule] Loading "user" application component
in C:\wamp64\www\SGE\protected\controllers\UsuarioRolController.php (34)
in C:\wamp64\www\SGE\index.php (13)
2017/04/10 02:26:19 [trace] [system.CModule] Loading "session" application component
in C:\wamp64\www\SGE\protected\controllers\UsuarioRolController.php (34)
in C:\wamp64\www\SGE\index.php (13)
2017/04/10 02:26:19 [trace] [system.CModule] Loading "db" application component
in C:\wamp64\www\SGE\protected\controllers\UsuarioRolController.php (81)
in C:\wamp64\www\SGE\index.php (13)
2017/04/10 02:26:19 [trace] [system.db.CDbConnection] Opening DB connection
in C:\wamp64\www\SGE\protected\controllers\UsuarioRolController.php (81)
in C:\wamp64\www\SGE\index.php (13)
2017/04/10 02:26:19 [trace] [system.db.CDbCommand] Querying SQL: SHOW FULL COLUMNS FROM `usuario_rol`
in C:\wamp64\www\SGE\protected\controllers\UsuarioRolController.php (81)
in C:\wamp64\www\SGE\index.php (13)
2017/04/10 02:26:19 [trace] [system.db.CDbCommand] Querying SQL: SHOW CREATE TABLE `usuario_rol`
in C:\wamp64\www\SGE\protected\controllers\UsuarioRolController.php (81)
in C:\wamp64\www\SGE\index.php (13)
2017/04/10 02:26:19 [trace] [system.db.ar.CActiveRecord] UsuarioRol.findByPk()
in C:\wamp64\www\SGE\protected\controllers\UsuarioRolController.php (82)
in C:\wamp64\www\SGE\index.php (13)
2017/04/10 02:26:19 [trace] [system.db.CDbCommand] Querying SQL: SELECT * FROM `usuario_rol` `t` WHERE `t`.`id`=1 LIMIT 1
in C:\wamp64\www\SGE\protected\controllers\UsuarioRolController.php (82)
in C:\wamp64\www\SGE\index.php (13)
2017/04/10 02:26:19 [trace] [system.db.ar.CActiveRecord] Usuario.findByPk()
in C:\wamp64\www\SGE\protected\controllers\UsuarioRolController.php (83)
in C:\wamp64\www\SGE\index.php (13)
2017/04/10 02:26:19 [trace] [system.db.CDbCommand] Querying SQL: SHOW FULL COLUMNS FROM `usuario`
in C:\wamp64\www\SGE\protected\controllers\UsuarioRolController.php (83)
in C:\wamp64\www\SGE\index.php (13)
2017/04/10 02:26:19 [trace] [system.db.CDbCommand] Querying SQL: SHOW CREATE TABLE `usuario`
in C:\wamp64\www\SGE\protected\controllers\UsuarioRolController.php (83)
in C:\wamp64\www\SGE\index.php (13)
2017/04/10 02:26:19 [trace] [system.db.CDbCommand] Querying SQL: SELECT * FROM `usuario` `t` WHERE `t`.`id`=4 LIMIT 1
in C:\wamp64\www\SGE\protected\controllers\UsuarioRolController.php (83)
in C:\wamp64\www\SGE\index.php (13)
2017/04/10 02:26:19 [trace] [system.db.ar.CActiveRecord] Rol.findByPk()
in C:\wamp64\www\SGE\protected\controllers\UsuarioRolController.php (84)
in C:\wamp64\www\SGE\index.php (13)
2017/04/10 02:26:19 [trace] [system.db.CDbCommand] Querying SQL: SHOW FULL COLUMNS FROM `rol`
in C:\wamp64\www\SGE\protected\controllers\UsuarioRolController.php (84)
in C:\wamp64\www\SGE\index.php (13)
2017/04/10 02:26:19 [trace] [system.db.CDbCommand] Querying SQL: SHOW CREATE TABLE `rol`
in C:\wamp64\www\SGE\protected\controllers\UsuarioRolController.php (84)
in C:\wamp64\www\SGE\index.php (13)
2017/04/10 02:26:19 [trace] [system.db.CDbCommand] Querying SQL: SELECT * FROM `rol` `t` WHERE `t`.`id`='admin' LIMIT 1
in C:\wamp64\www\SGE\protected\controllers\UsuarioRolController.php (84)
in C:\wamp64\www\SGE\index.php (13)
2017/04/10 02:26:19 [trace] [system.CModule] Loading "themeManager" application component
in C:\wamp64\www\SGE\protected\controllers\UsuarioRolController.php (99)
in C:\wamp64\www\SGE\index.php (13)
2017/04/10 02:26:19 [trace] [system.CModule] Loading "widgetFactory" application component
in C:\wamp64\www\SGE\protected\views\usuarioRol\modalEdit.php (65)
in C:\wamp64\www\SGE\protected\controllers\UsuarioRolController.php (99)
in C:\wamp64\www\SGE\index.php (13)
2017/04/10 02:26:19 [trace] [system.CModule] Loading "coreMessages" application component
in C:\wamp64\www\SGE\protected\extensions\bootstrap\widgets\TbDetailView.php (44)
in C:\wamp64\www\SGE\protected\views\usuarioRol\modalEdit.php (65)
in C:\wamp64\www\SGE\protected\controllers\UsuarioRolController.php (99)
2017/04/10 02:26:19 [trace] [system.CModule] Loading "format" application component
in C:\wamp64\www\SGE\protected\views\usuarioRol\modalEdit.php (65)
in C:\wamp64\www\SGE\protected\controllers\UsuarioRolController.php (99)
in C:\wamp64\www\SGE\index.php (13)
2017/04/10 02:26:21 [trace] [system.CModule] Loading "log" application component
in C:\wamp64\www\SGE\index.php (13)
2017/04/10 02:26:21 [trace] [system.CModule] Loading "bootstrap" application component
in C:\wamp64\www\SGE\index.php (13)
2017/04/10 02:26:21 [trace] [system.CModule] Loading "clientScript" application component
in C:\wamp64\www\SGE\protected\extensions\bootstrap\components\Bootstrap.php (414)
in C:\wamp64\www\SGE\protected\extensions\bootstrap\components\Bootstrap.php (204)
in C:\wamp64\www\SGE\index.php (13)
2017/04/10 02:26:21 [trace] [system.CModule] Loading "assetManager" application component
in C:\wamp64\www\SGE\protected\extensions\bootstrap\components\Bootstrap.php (402)
in C:\wamp64\www\SGE\protected\extensions\bootstrap\components\packages.php (14)
in C:\wamp64\www\SGE\protected\extensions\bootstrap\components\Bootstrap.php (252)
2017/04/10 02:26:21 [trace] [system.CModule] Loading "request" application component
in C:\wamp64\www\SGE\protected\extensions\bootstrap\components\Bootstrap.php (407)
in C:\wamp64\www\SGE\protected\extensions\bootstrap\components\packages.php (14)
in C:\wamp64\www\SGE\protected\extensions\bootstrap\components\Bootstrap.php (252)
2017/04/10 02:26:21 [trace] [system.CModule] Loading "urlManager" application component
in C:\wamp64\www\SGE\index.php (13)
2017/04/10 02:26:21 [trace] [system.web.filters.CFilterChain] Running filter UsuarioRolController.filteraccessControl()
in C:\wamp64\www\SGE\index.php (13)
2017/04/10 02:26:21 [trace] [system.CModule] Loading "user" application component
in C:\wamp64\www\SGE\protected\controllers\UsuarioRolController.php (34)
in C:\wamp64\www\SGE\index.php (13)
2017/04/10 02:26:21 [trace] [system.CModule] Loading "session" application component
in C:\wamp64\www\SGE\protected\controllers\UsuarioRolController.php (34)
in C:\wamp64\www\SGE\index.php (13)
2017/04/10 02:26:21 [trace] [system.db.ar.CActiveRecord] UsuarioRol.findByPk()
in C:\wamp64\www\SGE\protected\controllers\UsuarioRolController.php (61)
in C:\wamp64\www\SGE\index.php (13)
2017/04/10 02:26:21 [trace] [system.CModule] Loading "db" application component
in C:\wamp64\www\SGE\protected\controllers\UsuarioRolController.php (61)
in C:\wamp64\www\SGE\index.php (13)
2017/04/10 02:26:21 [trace] [system.db.CDbConnection] Opening DB connection
in C:\wamp64\www\SGE\protected\controllers\UsuarioRolController.php (61)
in C:\wamp64\www\SGE\index.php (13)
2017/04/10 02:26:21 [trace] [system.db.CDbCommand] Querying SQL: SHOW FULL COLUMNS FROM `usuario_rol`
in C:\wamp64\www\SGE\protected\controllers\UsuarioRolController.php (61)
in C:\wamp64\www\SGE\index.php (13)
2017/04/10 02:26:21 [trace] [system.db.CDbCommand] Querying SQL: SHOW CREATE TABLE `usuario_rol`
in C:\wamp64\www\SGE\protected\controllers\UsuarioRolController.php (61)
in C:\wamp64\www\SGE\index.php (13)
2017/04/10 02:26:21 [trace] [system.db.CDbCommand] Querying SQL: SELECT * FROM `usuario_rol` `t` WHERE `t`.`id`=1 LIMIT 1
in C:\wamp64\www\SGE\protected\controllers\UsuarioRolController.php (61)
in C:\wamp64\www\SGE\index.php (13)
2017/04/10 02:26:21 [trace] [system.db.ar.CActiveRecord] UsuarioRol.update()
in C:\wamp64\www\SGE\protected\controllers\UsuarioRolController.php (68)
in C:\wamp64\www\SGE\index.php (13)
2017/04/10 02:26:21 [trace] [system.db.ar.CActiveRecord] UsuarioRol.updateByPk()
in C:\wamp64\www\SGE\protected\controllers\UsuarioRolController.php (68)
in C:\wamp64\www\SGE\index.php (13)
2017/04/10 02:26:21 [trace] [system.db.CDbCommand] Executing SQL: UPDATE `usuario_rol` SET `id`=:yp0, `id_rol`=:yp1, `id_usuario`=:yp2, `created`=:yp3, `last_update`=:yp4 WHERE `usuario_rol`.`id`=1
in C:\wamp64\www\SGE\protected\controllers\UsuarioRolController.php (68)
in C:\wamp64\www\SGE\index.php (13)
2017/04/10 02:26:21 [trace] [system.CModule] Loading "log" application component
in C:\wamp64\www\SGE\index.php (13)
2017/04/10 02:26:21 [trace] [system.CModule] Loading "bootstrap" application component
in C:\wamp64\www\SGE\index.php (13)
2017/04/10 02:26:21 [trace] [system.CModule] Loading "clientScript" application component
in C:\wamp64\www\SGE\protected\extensions\bootstrap\components\Bootstrap.php (414)
in C:\wamp64\www\SGE\protected\extensions\bootstrap\components\Bootstrap.php (204)
in C:\wamp64\www\SGE\index.php (13)
2017/04/10 02:26:21 [trace] [system.CModule] Loading "assetManager" application component
in C:\wamp64\www\SGE\protected\extensions\bootstrap\components\Bootstrap.php (402)
in C:\wamp64\www\SGE\protected\extensions\bootstrap\components\packages.php (14)
in C:\wamp64\www\SGE\protected\extensions\bootstrap\components\Bootstrap.php (252)
2017/04/10 02:26:21 [trace] [system.CModule] Loading "request" application component
in C:\wamp64\www\SGE\protected\extensions\bootstrap\components\Bootstrap.php (407)
in C:\wamp64\www\SGE\protected\extensions\bootstrap\components\packages.php (14)
in C:\wamp64\www\SGE\protected\extensions\bootstrap\components\Bootstrap.php (252)
2017/04/10 02:26:21 [trace] [system.CModule] Loading "urlManager" application component
in C:\wamp64\www\SGE\index.php (13)
2017/04/10 02:26:21 [trace] [system.web.filters.CFilterChain] Running filter UsuarioRolController.filteraccessControl()
in C:\wamp64\www\SGE\index.php (13)
2017/04/10 02:26:21 [trace] [system.CModule] Loading "user" application component
in C:\wamp64\www\SGE\protected\controllers\UsuarioRolController.php (34)
in C:\wamp64\www\SGE\index.php (13)
2017/04/10 02:26:21 [trace] [system.CModule] Loading "session" application component
in C:\wamp64\www\SGE\protected\controllers\UsuarioRolController.php (34)
in C:\wamp64\www\SGE\index.php (13)
2017/04/10 02:26:21 [trace] [system.CModule] Loading "db" application component
in C:\wamp64\www\SGE\protected\controllers\UsuarioRolController.php (117)
in C:\wamp64\www\SGE\index.php (13)
2017/04/10 02:26:21 [trace] [system.db.CDbConnection] Opening DB connection
in C:\wamp64\www\SGE\protected\controllers\UsuarioRolController.php (117)
in C:\wamp64\www\SGE\index.php (13)
2017/04/10 02:26:21 [trace] [system.db.CDbCommand] Querying SQL: SHOW FULL COLUMNS FROM `usuario_rol`
in C:\wamp64\www\SGE\protected\controllers\UsuarioRolController.php (117)
in C:\wamp64\www\SGE\index.php (13)
2017/04/10 02:26:21 [trace] [system.db.CDbCommand] Querying SQL: SHOW CREATE TABLE `usuario_rol`
in C:\wamp64\www\SGE\protected\controllers\UsuarioRolController.php (117)
in C:\wamp64\www\SGE\index.php (13)
2017/04/10 02:26:21 [trace] [system.CModule] Loading "themeManager" application component
in C:\wamp64\www\SGE\protected\controllers\UsuarioRolController.php (117)
in C:\wamp64\www\SGE\index.php (13)
2017/04/10 02:26:21 [trace] [system.CModule] Loading "widgetFactory" application component
in C:\wamp64\www\SGE\protected\views\usuarioRol\admin.php (43)
in C:\wamp64\www\SGE\protected\controllers\UsuarioRolController.php (117)
in C:\wamp64\www\SGE\index.php (13)
2017/04/10 02:26:21 [trace] [system.db.ar.CActiveRecord] UsuarioRol.count()
in C:\wamp64\www\SGE\protected\extensions\bootstrap\widgets\TbGridView.php (68)
in C:\wamp64\www\SGE\protected\views\usuarioRol\admin.php (114)
in C:\wamp64\www\SGE\protected\controllers\UsuarioRolController.php (117)
2017/04/10 02:26:21 [trace] [system.db.CDbCommand] Querying SQL: SHOW FULL COLUMNS FROM `usuario`
in C:\wamp64\www\SGE\protected\extensions\bootstrap\widgets\TbGridView.php (68)
in C:\wamp64\www\SGE\protected\views\usuarioRol\admin.php (114)
in C:\wamp64\www\SGE\protected\controllers\UsuarioRolController.php (117)
2017/04/10 02:26:21 [trace] [system.db.CDbCommand] Querying SQL: SHOW CREATE TABLE `usuario`
in C:\wamp64\www\SGE\protected\extensions\bootstrap\widgets\TbGridView.php (68)
in C:\wamp64\www\SGE\protected\views\usuarioRol\admin.php (114)
in C:\wamp64\www\SGE\protected\controllers\UsuarioRolController.php (117)
2017/04/10 02:26:21 [trace] [system.db.CDbCommand] Querying SQL: SHOW FULL COLUMNS FROM `rol`
in C:\wamp64\www\SGE\protected\extensions\bootstrap\widgets\TbGridView.php (68)
in C:\wamp64\www\SGE\protected\views\usuarioRol\admin.php (114)
in C:\wamp64\www\SGE\protected\controllers\UsuarioRolController.php (117)
2017/04/10 02:26:21 [trace] [system.db.CDbCommand] Querying SQL: SHOW CREATE TABLE `rol`
in C:\wamp64\www\SGE\protected\extensions\bootstrap\widgets\TbGridView.php (68)
in C:\wamp64\www\SGE\protected\views\usuarioRol\admin.php (114)
in C:\wamp64\www\SGE\protected\controllers\UsuarioRolController.php (117)
2017/04/10 02:26:21 [trace] [system.db.ar.CActiveRecord] UsuarioRol.count() eagerly
in C:\wamp64\www\SGE\protected\extensions\bootstrap\widgets\TbGridView.php (68)
in C:\wamp64\www\SGE\protected\views\usuarioRol\admin.php (114)
in C:\wamp64\www\SGE\protected\controllers\UsuarioRolController.php (117)
2017/04/10 02:26:21 [trace] [system.db.CDbCommand] Querying SQL: SELECT COUNT(DISTINCT `t`.`id`) FROM `usuario_rol` `t`  LEFT OUTER JOIN `usuario` `usuario` ON (`t`.`id_usuario`=`usuario`.`id`) LEFT OUTER JOIN `rol` `rol` ON (`t`.`id_rol`=`rol`.`id`)
in C:\wamp64\www\SGE\protected\extensions\bootstrap\widgets\TbGridView.php (68)
in C:\wamp64\www\SGE\protected\views\usuarioRol\admin.php (114)
in C:\wamp64\www\SGE\protected\controllers\UsuarioRolController.php (117)
2017/04/10 02:26:21 [trace] [system.db.ar.CActiveRecord] UsuarioRol.findAll()
in C:\wamp64\www\SGE\protected\extensions\bootstrap\widgets\TbGridView.php (68)
in C:\wamp64\www\SGE\protected\views\usuarioRol\admin.php (114)
in C:\wamp64\www\SGE\protected\controllers\UsuarioRolController.php (117)
2017/04/10 02:26:21 [trace] [system.db.CDbCommand] Querying SQL: SELECT `t`.`id` AS `t0_c0`, `t`.`id_rol` AS `t0_c1`, `t`.`id_usuario` AS `t0_c2`, `t`.`created` AS `t0_c3`, `t`.`last_update` AS `t0_c4`, `usuario`.`id` AS `t1_c0`, `usuario`.`nombre` AS `t1_c1`, `usuario`.`apellido` AS `t1_c2`, `usuario`.`dni` AS `t1_c3`, `usuario`.`email` AS `t1_c4`, `usuario`.`estado` AS `t1_c5`, `usuario`.`hased_paswword` AS `t1_c6`, `usuario`.`last_login` AS `t1_c7`, `usuario`.`created` AS `t1_c8`, `usuario`.`last_update` AS `t1_c9`, `rol`.`id` AS `t2_c0`, `rol`.`nombre` AS `t2_c1`, `rol`.`created` AS `t2_c2`, `rol`.`last_update` AS `t2_c3` FROM `usuario_rol` `t`  LEFT OUTER JOIN `usuario` `usuario` ON (`t`.`id_usuario`=`usuario`.`id`) LEFT OUTER JOIN `rol` `rol` ON (`t`.`id_rol`=`rol`.`id`) LIMIT 10
in C:\wamp64\www\SGE\protected\extensions\bootstrap\widgets\TbGridView.php (68)
in C:\wamp64\www\SGE\protected\views\usuarioRol\admin.php (114)
in C:\wamp64\www\SGE\protected\controllers\UsuarioRolController.php (117)
2017/04/10 02:26:21 [trace] [system.CModule] Loading "coreMessages" application component
in C:\wamp64\www\SGE\protected\extensions\bootstrap\widgets\TbButtonColumn.php (44)
in C:\wamp64\www\SGE\protected\extensions\bootstrap\widgets\TbGridView.php (125)
in C:\wamp64\www\SGE\protected\extensions\bootstrap\widgets\TbGridView.php (68)
2017/04/10 02:26:21 [trace] [system.CModule] Loading "format" application component
in C:\wamp64\www\SGE\protected\views\usuarioRol\admin.php (114)
in C:\wamp64\www\SGE\protected\controllers\UsuarioRolController.php (117)
in C:\wamp64\www\SGE\index.php (13)
2017/04/10 02:26:27 [trace] [system.CModule] Loading "log" application component
in C:\wamp64\www\SGE\index.php (13)
2017/04/10 02:26:27 [trace] [system.CModule] Loading "bootstrap" application component
in C:\wamp64\www\SGE\index.php (13)
2017/04/10 02:26:27 [trace] [system.CModule] Loading "clientScript" application component
in C:\wamp64\www\SGE\protected\extensions\bootstrap\components\Bootstrap.php (414)
in C:\wamp64\www\SGE\protected\extensions\bootstrap\components\Bootstrap.php (204)
in C:\wamp64\www\SGE\index.php (13)
2017/04/10 02:26:27 [trace] [system.CModule] Loading "assetManager" application component
in C:\wamp64\www\SGE\protected\extensions\bootstrap\components\Bootstrap.php (402)
in C:\wamp64\www\SGE\protected\extensions\bootstrap\components\packages.php (14)
in C:\wamp64\www\SGE\protected\extensions\bootstrap\components\Bootstrap.php (252)
2017/04/10 02:26:27 [trace] [system.CModule] Loading "request" application component
in C:\wamp64\www\SGE\protected\extensions\bootstrap\components\Bootstrap.php (407)
in C:\wamp64\www\SGE\protected\extensions\bootstrap\components\packages.php (14)
in C:\wamp64\www\SGE\protected\extensions\bootstrap\components\Bootstrap.php (252)
2017/04/10 02:26:27 [trace] [system.CModule] Loading "urlManager" application component
in C:\wamp64\www\SGE\index.php (13)
2017/04/10 02:26:27 [trace] [system.web.filters.CFilterChain] Running filter UsuarioController.filteraccessControl()
in C:\wamp64\www\SGE\index.php (13)
2017/04/10 02:26:27 [trace] [system.CModule] Loading "user" application component
in C:\wamp64\www\SGE\index.php (13)
2017/04/10 02:26:27 [trace] [system.CModule] Loading "session" application component
in C:\wamp64\www\SGE\index.php (13)
2017/04/10 02:26:27 [trace] [system.CModule] Loading "db" application component
in C:\wamp64\www\SGE\protected\controllers\UsuarioController.php (327)
in C:\wamp64\www\SGE\index.php (13)
2017/04/10 02:26:27 [trace] [system.db.CDbConnection] Opening DB connection
in C:\wamp64\www\SGE\protected\controllers\UsuarioController.php (327)
in C:\wamp64\www\SGE\index.php (13)
2017/04/10 02:26:27 [trace] [system.db.CDbCommand] Querying SQL: SHOW FULL COLUMNS FROM `usuario`
in C:\wamp64\www\SGE\protected\controllers\UsuarioController.php (327)
in C:\wamp64\www\SGE\index.php (13)
2017/04/10 02:26:27 [trace] [system.db.CDbCommand] Querying SQL: SHOW CREATE TABLE `usuario`
in C:\wamp64\www\SGE\protected\controllers\UsuarioController.php (327)
in C:\wamp64\www\SGE\index.php (13)
2017/04/10 02:26:27 [trace] [system.CModule] Loading "themeManager" application component
in C:\wamp64\www\SGE\protected\controllers\UsuarioController.php (334)
in C:\wamp64\www\SGE\index.php (13)
2017/04/10 02:26:27 [trace] [system.CModule] Loading "widgetFactory" application component
in C:\wamp64\www\SGE\protected\views\usuario\admin.php (30)
in C:\wamp64\www\SGE\protected\controllers\UsuarioController.php (334)
in C:\wamp64\www\SGE\index.php (13)
2017/04/10 02:26:27 [trace] [system.db.ar.CActiveRecord] Usuario.count()
in C:\wamp64\www\SGE\protected\extensions\bootstrap\widgets\TbGridView.php (68)
in C:\wamp64\www\SGE\protected\views\usuario\admin.php (180)
in C:\wamp64\www\SGE\protected\controllers\UsuarioController.php (334)
2017/04/10 02:26:27 [trace] [system.db.CDbCommand] Querying SQL: SELECT COUNT(*) FROM `usuario` `t`
in C:\wamp64\www\SGE\protected\extensions\bootstrap\widgets\TbGridView.php (68)
in C:\wamp64\www\SGE\protected\views\usuario\admin.php (180)
in C:\wamp64\www\SGE\protected\controllers\UsuarioController.php (334)
2017/04/10 02:26:27 [trace] [system.db.ar.CActiveRecord] Usuario.findAll()
in C:\wamp64\www\SGE\protected\extensions\bootstrap\widgets\TbGridView.php (68)
in C:\wamp64\www\SGE\protected\views\usuario\admin.php (180)
in C:\wamp64\www\SGE\protected\controllers\UsuarioController.php (334)
2017/04/10 02:26:27 [trace] [system.db.CDbCommand] Querying SQL: SELECT * FROM `usuario` `t` LIMIT 10
in C:\wamp64\www\SGE\protected\extensions\bootstrap\widgets\TbGridView.php (68)
in C:\wamp64\www\SGE\protected\views\usuario\admin.php (180)
in C:\wamp64\www\SGE\protected\controllers\UsuarioController.php (334)
2017/04/10 02:26:27 [trace] [system.CModule] Loading "coreMessages" application component
in C:\wamp64\www\SGE\protected\extensions\bootstrap\widgets\TbButtonColumn.php (44)
in C:\wamp64\www\SGE\protected\extensions\bootstrap\widgets\TbGridView.php (125)
in C:\wamp64\www\SGE\protected\extensions\bootstrap\widgets\TbGridView.php (68)
2017/04/10 02:26:27 [trace] [system.CModule] Loading "format" application component
in C:\wamp64\www\SGE\protected\views\usuario\admin.php (180)
in C:\wamp64\www\SGE\protected\controllers\UsuarioController.php (334)
in C:\wamp64\www\SGE\index.php (13)
2017/04/10 02:26:27 [trace] [system.CModule] Loading "messages" application component
in C:\wamp64\www\SGE\protected\extensions\bootstrap\widgets\TbEditableField.php (687)
in C:\wamp64\www\SGE\protected\extensions\bootstrap\widgets\TbEditableField.php (442)
in C:\wamp64\www\SGE\protected\extensions\bootstrap\widgets\TbEditableField.php (382)
2017/04/10 02:26:34 [trace] [system.CModule] Loading "log" application component
in C:\wamp64\www\SGE\index.php (13)
2017/04/10 02:26:34 [trace] [system.CModule] Loading "bootstrap" application component
in C:\wamp64\www\SGE\index.php (13)
2017/04/10 02:26:34 [trace] [system.CModule] Loading "clientScript" application component
in C:\wamp64\www\SGE\protected\extensions\bootstrap\components\Bootstrap.php (414)
in C:\wamp64\www\SGE\protected\extensions\bootstrap\components\Bootstrap.php (204)
in C:\wamp64\www\SGE\index.php (13)
2017/04/10 02:26:34 [trace] [system.CModule] Loading "assetManager" application component
in C:\wamp64\www\SGE\protected\extensions\bootstrap\components\Bootstrap.php (402)
in C:\wamp64\www\SGE\protected\extensions\bootstrap\components\packages.php (14)
in C:\wamp64\www\SGE\protected\extensions\bootstrap\components\Bootstrap.php (252)
2017/04/10 02:26:34 [trace] [system.CModule] Loading "request" application component
in C:\wamp64\www\SGE\protected\extensions\bootstrap\components\Bootstrap.php (407)
in C:\wamp64\www\SGE\protected\extensions\bootstrap\components\packages.php (14)
in C:\wamp64\www\SGE\protected\extensions\bootstrap\components\Bootstrap.php (252)
2017/04/10 02:26:34 [trace] [system.CModule] Loading "urlManager" application component
in C:\wamp64\www\SGE\index.php (13)
2017/04/10 02:26:34 [trace] [system.web.filters.CFilterChain] Running filter UsuarioController.filteraccessControl()
in C:\wamp64\www\SGE\index.php (13)
2017/04/10 02:26:34 [trace] [system.CModule] Loading "user" application component
in C:\wamp64\www\SGE\index.php (13)
2017/04/10 02:26:34 [trace] [system.CModule] Loading "session" application component
in C:\wamp64\www\SGE\index.php (13)
2017/04/10 02:26:34 [trace] [system.db.ar.CActiveRecord] Usuario.findByPk()
in C:\wamp64\www\SGE\protected\extensions\bootstrap\widgets\TbEditableSaver.php (118)
in C:\wamp64\www\SGE\protected\controllers\UsuarioController.php (483)
in C:\wamp64\www\SGE\index.php (13)
2017/04/10 02:26:34 [trace] [system.CModule] Loading "db" application component
in C:\wamp64\www\SGE\protected\extensions\bootstrap\widgets\TbEditableSaver.php (118)
in C:\wamp64\www\SGE\protected\controllers\UsuarioController.php (483)
in C:\wamp64\www\SGE\index.php (13)
2017/04/10 02:26:34 [trace] [system.db.CDbConnection] Opening DB connection
in C:\wamp64\www\SGE\protected\extensions\bootstrap\widgets\TbEditableSaver.php (118)
in C:\wamp64\www\SGE\protected\controllers\UsuarioController.php (483)
in C:\wamp64\www\SGE\index.php (13)
2017/04/10 02:26:34 [trace] [system.db.CDbCommand] Querying SQL: SHOW FULL COLUMNS FROM `usuario`
in C:\wamp64\www\SGE\protected\extensions\bootstrap\widgets\TbEditableSaver.php (118)
in C:\wamp64\www\SGE\protected\controllers\UsuarioController.php (483)
in C:\wamp64\www\SGE\index.php (13)
2017/04/10 02:26:34 [trace] [system.db.CDbCommand] Querying SQL: SHOW CREATE TABLE `usuario`
in C:\wamp64\www\SGE\protected\extensions\bootstrap\widgets\TbEditableSaver.php (118)
in C:\wamp64\www\SGE\protected\controllers\UsuarioController.php (483)
in C:\wamp64\www\SGE\index.php (13)
2017/04/10 02:26:34 [trace] [system.db.CDbCommand] Querying SQL: SELECT * FROM `usuario` `t` WHERE `t`.`id`=5 LIMIT 1
in C:\wamp64\www\SGE\protected\extensions\bootstrap\widgets\TbEditableSaver.php (118)
in C:\wamp64\www\SGE\protected\controllers\UsuarioController.php (483)
in C:\wamp64\www\SGE\index.php (13)
2017/04/10 02:26:34 [trace] [system.db.ar.CActiveRecord] Usuario.update()
in C:\wamp64\www\SGE\protected\extensions\bootstrap\widgets\TbEditableSaver.php (167)
in C:\wamp64\www\SGE\protected\controllers\UsuarioController.php (483)
in C:\wamp64\www\SGE\index.php (13)
2017/04/10 02:26:34 [trace] [system.db.ar.CActiveRecord] Usuario.updateByPk()
in C:\wamp64\www\SGE\protected\extensions\bootstrap\widgets\TbEditableSaver.php (167)
in C:\wamp64\www\SGE\protected\controllers\UsuarioController.php (483)
in C:\wamp64\www\SGE\index.php (13)
2017/04/10 02:26:34 [trace] [system.db.CDbCommand] Executing SQL: UPDATE `usuario` SET `apellido`=:yp0 WHERE `usuario`.`id`=5
in C:\wamp64\www\SGE\protected\extensions\bootstrap\widgets\TbEditableSaver.php (167)
in C:\wamp64\www\SGE\protected\controllers\UsuarioController.php (483)
in C:\wamp64\www\SGE\index.php (13)
2017/04/10 02:26:45 [trace] [system.CModule] Loading "log" application component
in C:\wamp64\www\SGE\index.php (13)
2017/04/10 02:26:45 [trace] [system.CModule] Loading "bootstrap" application component
in C:\wamp64\www\SGE\index.php (13)
2017/04/10 02:26:45 [trace] [system.CModule] Loading "clientScript" application component
in C:\wamp64\www\SGE\protected\extensions\bootstrap\components\Bootstrap.php (414)
in C:\wamp64\www\SGE\protected\extensions\bootstrap\components\Bootstrap.php (204)
in C:\wamp64\www\SGE\index.php (13)
2017/04/10 02:26:45 [trace] [system.CModule] Loading "assetManager" application component
in C:\wamp64\www\SGE\protected\extensions\bootstrap\components\Bootstrap.php (402)
in C:\wamp64\www\SGE\protected\extensions\bootstrap\components\packages.php (14)
in C:\wamp64\www\SGE\protected\extensions\bootstrap\components\Bootstrap.php (252)
2017/04/10 02:26:45 [trace] [system.CModule] Loading "request" application component
in C:\wamp64\www\SGE\protected\extensions\bootstrap\components\Bootstrap.php (407)
in C:\wamp64\www\SGE\protected\extensions\bootstrap\components\packages.php (14)
in C:\wamp64\www\SGE\protected\extensions\bootstrap\components\Bootstrap.php (252)
2017/04/10 02:26:45 [trace] [system.CModule] Loading "urlManager" application component
in C:\wamp64\www\SGE\index.php (13)
2017/04/10 02:26:45 [trace] [system.web.filters.CFilterChain] Running filter UsuarioController.filteraccessControl()
in C:\wamp64\www\SGE\index.php (13)
2017/04/10 02:26:45 [trace] [system.CModule] Loading "user" application component
in C:\wamp64\www\SGE\index.php (13)
2017/04/10 02:26:45 [trace] [system.CModule] Loading "session" application component
in C:\wamp64\www\SGE\index.php (13)
2017/04/10 02:26:45 [trace] [system.CModule] Loading "db" application component
in C:\wamp64\www\SGE\protected\controllers\UsuarioController.php (80)
in C:\wamp64\www\SGE\index.php (13)
2017/04/10 02:26:45 [trace] [system.db.CDbConnection] Opening DB connection
in C:\wamp64\www\SGE\protected\controllers\UsuarioController.php (80)
in C:\wamp64\www\SGE\index.php (13)
2017/04/10 02:26:45 [trace] [system.db.CDbCommand] Querying SQL: SHOW FULL COLUMNS FROM `usuario`
in C:\wamp64\www\SGE\protected\controllers\UsuarioController.php (80)
in C:\wamp64\www\SGE\index.php (13)
2017/04/10 02:26:45 [trace] [system.db.CDbCommand] Querying SQL: SHOW CREATE TABLE `usuario`
in C:\wamp64\www\SGE\protected\controllers\UsuarioController.php (80)
in C:\wamp64\www\SGE\index.php (13)
2017/04/10 02:26:45 [trace] [system.db.ar.CActiveRecord] Token.deleteAll()
in C:\wamp64\www\SGE\protected\models\Token.php (213)
in C:\wamp64\www\SGE\protected\models\Token.php (126)
in C:\wamp64\www\SGE\protected\controllers\UsuarioController.php (82)
2017/04/10 02:26:45 [trace] [system.db.CDbCommand] Querying SQL: SHOW FULL COLUMNS FROM `token`
in C:\wamp64\www\SGE\protected\models\Token.php (213)
in C:\wamp64\www\SGE\protected\models\Token.php (126)
in C:\wamp64\www\SGE\protected\controllers\UsuarioController.php (82)
2017/04/10 02:26:45 [trace] [system.db.CDbCommand] Querying SQL: SHOW CREATE TABLE `token`
in C:\wamp64\www\SGE\protected\models\Token.php (213)
in C:\wamp64\www\SGE\protected\models\Token.php (126)
in C:\wamp64\www\SGE\protected\controllers\UsuarioController.php (82)
2017/04/10 02:26:45 [trace] [system.db.CDbCommand] Executing SQL: DELETE FROM `token` WHERE accion = :accion AND identity = :identity
in C:\wamp64\www\SGE\protected\models\Token.php (213)
in C:\wamp64\www\SGE\protected\models\Token.php (126)
in C:\wamp64\www\SGE\protected\controllers\UsuarioController.php (82)
2017/04/10 02:26:45 [trace] [system.db.ar.CActiveRecord] Token.insert()
in C:\wamp64\www\SGE\protected\models\Token.php (190)
in C:\wamp64\www\SGE\protected\models\Token.php (129)
in C:\wamp64\www\SGE\protected\controllers\UsuarioController.php (82)
2017/04/10 02:26:45 [trace] [system.db.CDbCommand] Executing SQL: INSERT INTO `token` (`accion`, `identity`, `token`, `expire_time`, `informacion`) VALUES (:yp0, :yp1, :yp2, :yp3, :yp4)
in C:\wamp64\www\SGE\protected\models\Token.php (190)
in C:\wamp64\www\SGE\protected\models\Token.php (129)
in C:\wamp64\www\SGE\protected\controllers\UsuarioController.php (82)
2017/04/10 02:26:45 [trace] [system.db.ar.CActiveRecord] Token.find()
in C:\wamp64\www\SGE\protected\models\Token.php (202)
in C:\wamp64\www\SGE\protected\models\Token.php (143)
in C:\wamp64\www\SGE\protected\controllers\UsuarioController.php (83)
2017/04/10 02:26:45 [trace] [system.db.CDbCommand] Querying SQL: SELECT * FROM `token` `t` WHERE accion = :accion AND token = :token LIMIT 1
in C:\wamp64\www\SGE\protected\models\Token.php (202)
in C:\wamp64\www\SGE\protected\models\Token.php (143)
in C:\wamp64\www\SGE\protected\controllers\UsuarioController.php (83)
