2017/05/03 23:59:30 [trace] [system.CModule] Loading "log" application component
in C:\wamp64\www\SGE\index.php (13)
2017/05/03 23:59:30 [trace] [system.CModule] Loading "booster" application component
in C:\wamp64\www\SGE\index.php (13)
2017/05/03 23:59:30 [trace] [system.CModule] Loading "clientScript" application component
in C:\wamp64\www\SGE\protected\extensions\booster\components\Booster.php (419)
in C:\wamp64\www\SGE\protected\extensions\booster\components\Booster.php (211)
in C:\wamp64\www\SGE\index.php (13)
2017/05/03 23:59:30 [trace] [system.CModule] Loading "assetManager" application component
in C:\wamp64\www\SGE\protected\extensions\booster\components\Booster.php (412)
in C:\wamp64\www\SGE\protected\extensions\booster\components\packages.php (14)
in C:\wamp64\www\SGE\protected\extensions\booster\components\Booster.php (259)
2017/05/03 23:59:30 [trace] [system.CModule] Loading "request" application component
in C:\wamp64\www\SGE\protected\extensions\booster\components\Booster.php (412)
in C:\wamp64\www\SGE\protected\extensions\booster\components\packages.php (14)
in C:\wamp64\www\SGE\protected\extensions\booster\components\Booster.php (259)
2017/05/03 23:59:30 [trace] [system.CModule] Loading "urlManager" application component
in C:\wamp64\www\SGE\index.php (13)
2017/05/03 23:59:30 [trace] [system.web.filters.CFilterChain] Running filter SiteController.filteraccessControl()
in C:\wamp64\www\SGE\index.php (13)
2017/05/03 23:59:30 [trace] [system.CModule] Loading "user" application component
in C:\wamp64\www\SGE\index.php (13)
2017/05/03 23:59:30 [trace] [system.CModule] Loading "session" application component
in C:\wamp64\www\SGE\index.php (13)
2017/05/03 23:59:30 [trace] [system.CModule] Loading "coreMessages" application component
in C:\wamp64\www\SGE\index.php (13)
2017/05/03 20:59:31 [trace] [system.CModule] Loading "log" application component
in C:\wamp64\www\SGE\index.php (13)
2017/05/03 20:59:31 [trace] [system.CModule] Loading "booster" application component
in C:\wamp64\www\SGE\index.php (13)
2017/05/03 20:59:31 [trace] [system.CModule] Loading "clientScript" application component
in C:\wamp64\www\SGE\protected\extensions\booster\components\Booster.php (419)
in C:\wamp64\www\SGE\protected\extensions\booster\components\Booster.php (211)
in C:\wamp64\www\SGE\index.php (13)
2017/05/03 20:59:31 [trace] [system.CModule] Loading "assetManager" application component
in C:\wamp64\www\SGE\protected\extensions\booster\components\Booster.php (412)
in C:\wamp64\www\SGE\protected\extensions\booster\components\packages.php (14)
in C:\wamp64\www\SGE\protected\extensions\booster\components\Booster.php (259)
2017/05/03 20:59:31 [trace] [system.CModule] Loading "request" application component
in C:\wamp64\www\SGE\protected\extensions\booster\components\Booster.php (412)
in C:\wamp64\www\SGE\protected\extensions\booster\components\packages.php (14)
in C:\wamp64\www\SGE\protected\extensions\booster\components\Booster.php (259)
2017/05/03 20:59:31 [trace] [system.CModule] Loading "urlManager" application component
in C:\wamp64\www\SGE\index.php (13)
2017/05/03 20:59:31 [trace] [system.web.filters.CFilterChain] Running filter SiteController.filteraccessControl()
in C:\wamp64\www\SGE\index.php (13)
2017/05/03 20:59:31 [trace] [system.CModule] Loading "user" application component
in C:\wamp64\www\SGE\index.php (13)
2017/05/03 20:59:31 [trace] [system.CModule] Loading "session" application component
in C:\wamp64\www\SGE\index.php (13)
2017/05/03 20:59:31 [trace] [system.CModule] Loading "themeManager" application component
in C:\wamp64\www\SGE\protected\controllers\SiteController.php (340)
in C:\wamp64\www\SGE\index.php (13)
2017/05/03 20:59:31 [trace] [system.CModule] Loading "widgetFactory" application component
in C:\wamp64\www\SGE\protected\views\site\login.php (50)
in C:\wamp64\www\SGE\protected\controllers\SiteController.php (340)
in C:\wamp64\www\SGE\index.php (13)
2017/05/03 23:59:31 [trace] [system.CModule] Loading "log" application component
in C:\wamp64\www\SGE\index.php (13)
2017/05/03 23:59:31 [trace] [system.CModule] Loading "booster" application component
in C:\wamp64\www\SGE\index.php (13)
2017/05/03 23:59:31 [trace] [system.CModule] Loading "clientScript" application component
in C:\wamp64\www\SGE\protected\extensions\booster\components\Booster.php (419)
in C:\wamp64\www\SGE\protected\extensions\booster\components\Booster.php (211)
in C:\wamp64\www\SGE\index.php (13)
2017/05/03 23:59:31 [trace] [system.CModule] Loading "assetManager" application component
in C:\wamp64\www\SGE\protected\extensions\booster\components\Booster.php (412)
in C:\wamp64\www\SGE\protected\extensions\booster\components\packages.php (14)
in C:\wamp64\www\SGE\protected\extensions\booster\components\Booster.php (259)
2017/05/03 23:59:31 [trace] [system.CModule] Loading "request" application component
in C:\wamp64\www\SGE\protected\extensions\booster\components\Booster.php (412)
in C:\wamp64\www\SGE\protected\extensions\booster\components\packages.php (14)
in C:\wamp64\www\SGE\protected\extensions\booster\components\Booster.php (259)
2017/05/03 23:59:31 [trace] [system.CModule] Loading "urlManager" application component
in C:\wamp64\www\SGE\index.php (13)
2017/05/03 23:59:31 [trace] [system.CModule] Loading "coreMessages" application component
in C:\wamp64\www\SGE\index.php (13)
2017/05/03 23:59:31 [trace] [system.CModule] Loading "errorHandler" application component
2017/05/03 23:59:31 [trace] [system.web.filters.CFilterChain] Running filter SiteController.filteraccessControl()
2017/05/03 23:59:31 [trace] [system.CModule] Loading "user" application component
2017/05/03 23:59:31 [trace] [system.CModule] Loading "session" application component
2017/05/03 23:59:31 [trace] [system.CModule] Loading "themeManager" application component
in C:\wamp64\www\SGE\protected\controllers\SiteController.php (92)
2017/05/03 23:59:31 [trace] [system.CModule] Loading "widgetFactory" application component
in C:\wamp64\www\SGE\protected\extensions\heart\views\layouts\column1.php (2)
in C:\wamp64\www\SGE\protected\controllers\SiteController.php (92)
2017/05/03 23:59:32 [trace] [system.CModule] Loading "log" application component
in C:\wamp64\www\SGE\index.php (13)
2017/05/03 23:59:32 [trace] [system.CModule] Loading "booster" application component
in C:\wamp64\www\SGE\index.php (13)
2017/05/03 23:59:32 [trace] [system.CModule] Loading "clientScript" application component
in C:\wamp64\www\SGE\protected\extensions\booster\components\Booster.php (419)
in C:\wamp64\www\SGE\protected\extensions\booster\components\Booster.php (211)
in C:\wamp64\www\SGE\index.php (13)
2017/05/03 23:59:32 [trace] [system.CModule] Loading "assetManager" application component
in C:\wamp64\www\SGE\protected\extensions\booster\components\Booster.php (412)
in C:\wamp64\www\SGE\protected\extensions\booster\components\packages.php (14)
in C:\wamp64\www\SGE\protected\extensions\booster\components\Booster.php (259)
2017/05/03 23:59:32 [trace] [system.CModule] Loading "request" application component
in C:\wamp64\www\SGE\protected\extensions\booster\components\Booster.php (412)
in C:\wamp64\www\SGE\protected\extensions\booster\components\packages.php (14)
in C:\wamp64\www\SGE\protected\extensions\booster\components\Booster.php (259)
2017/05/03 23:59:32 [trace] [system.CModule] Loading "urlManager" application component
in C:\wamp64\www\SGE\index.php (13)
2017/05/03 23:59:32 [trace] [system.CModule] Loading "coreMessages" application component
in C:\wamp64\www\SGE\index.php (13)
2017/05/03 23:59:32 [trace] [system.CModule] Loading "errorHandler" application component
2017/05/03 23:59:32 [trace] [system.web.filters.CFilterChain] Running filter SiteController.filteraccessControl()
2017/05/03 23:59:32 [trace] [system.CModule] Loading "user" application component
2017/05/03 23:59:32 [trace] [system.CModule] Loading "session" application component
2017/05/03 23:59:32 [trace] [system.CModule] Loading "themeManager" application component
in C:\wamp64\www\SGE\protected\controllers\SiteController.php (92)
2017/05/03 23:59:32 [trace] [system.CModule] Loading "widgetFactory" application component
in C:\wamp64\www\SGE\protected\extensions\heart\views\layouts\column1.php (2)
in C:\wamp64\www\SGE\protected\controllers\SiteController.php (92)
2017/05/03 20:59:51 [trace] [system.CModule] Loading "log" application component
in C:\wamp64\www\SGE\index.php (13)
2017/05/03 20:59:51 [trace] [system.CModule] Loading "booster" application component
in C:\wamp64\www\SGE\index.php (13)
2017/05/03 20:59:51 [trace] [system.CModule] Loading "clientScript" application component
in C:\wamp64\www\SGE\protected\extensions\booster\components\Booster.php (419)
in C:\wamp64\www\SGE\protected\extensions\booster\components\Booster.php (211)
in C:\wamp64\www\SGE\index.php (13)
2017/05/03 20:59:51 [trace] [system.CModule] Loading "assetManager" application component
in C:\wamp64\www\SGE\protected\extensions\booster\components\Booster.php (412)
in C:\wamp64\www\SGE\protected\extensions\booster\components\packages.php (14)
in C:\wamp64\www\SGE\protected\extensions\booster\components\Booster.php (259)
2017/05/03 20:59:51 [trace] [system.CModule] Loading "request" application component
in C:\wamp64\www\SGE\protected\extensions\booster\components\Booster.php (412)
in C:\wamp64\www\SGE\protected\extensions\booster\components\packages.php (14)
in C:\wamp64\www\SGE\protected\extensions\booster\components\Booster.php (259)
2017/05/03 20:59:51 [trace] [system.CModule] Loading "urlManager" application component
in C:\wamp64\www\SGE\index.php (13)
2017/05/03 20:59:51 [trace] [system.web.filters.CFilterChain] Running filter SiteController.filteraccessControl()
in C:\wamp64\www\SGE\index.php (13)
2017/05/03 20:59:51 [trace] [system.CModule] Loading "user" application component
in C:\wamp64\www\SGE\index.php (13)
2017/05/03 20:59:51 [trace] [system.CModule] Loading "session" application component
in C:\wamp64\www\SGE\index.php (13)
2017/05/03 20:59:51 [trace] [system.db.ar.CActiveRecord] Usuario.findByAttributes()
in C:\wamp64\www\SGE\protected\components\UserIdentity.php (13)
in C:\wamp64\www\SGE\protected\controllers\SiteController.php (317)
in C:\wamp64\www\SGE\index.php (13)
2017/05/03 20:59:51 [trace] [system.CModule] Loading "db" application component
in C:\wamp64\www\SGE\protected\components\UserIdentity.php (13)
in C:\wamp64\www\SGE\protected\controllers\SiteController.php (317)
in C:\wamp64\www\SGE\index.php (13)
2017/05/03 20:59:51 [trace] [system.db.CDbConnection] Opening DB connection
in C:\wamp64\www\SGE\protected\components\UserIdentity.php (13)
in C:\wamp64\www\SGE\protected\controllers\SiteController.php (317)
in C:\wamp64\www\SGE\index.php (13)
2017/05/03 20:59:51 [trace] [system.db.CDbCommand] Querying SQL: SHOW FULL COLUMNS FROM `usuario`
in C:\wamp64\www\SGE\protected\components\UserIdentity.php (13)
in C:\wamp64\www\SGE\protected\controllers\SiteController.php (317)
in C:\wamp64\www\SGE\index.php (13)
2017/05/03 20:59:51 [trace] [system.db.CDbCommand] Querying SQL: SHOW CREATE TABLE `usuario`
in C:\wamp64\www\SGE\protected\components\UserIdentity.php (13)
in C:\wamp64\www\SGE\protected\controllers\SiteController.php (317)
in C:\wamp64\www\SGE\index.php (13)
2017/05/03 20:59:51 [trace] [system.db.CDbCommand] Querying SQL: SELECT * FROM `usuario` `t` WHERE `t`.`dni`=:yp0 LIMIT 1
in C:\wamp64\www\SGE\protected\components\UserIdentity.php (13)
in C:\wamp64\www\SGE\protected\controllers\SiteController.php (317)
in C:\wamp64\www\SGE\index.php (13)
2017/05/03 20:59:51 [trace] [system.db.ar.CActiveRecord] UsuarioRol.findByAttributes()
in C:\wamp64\www\SGE\protected\components\UserIdentity.php (27)
in C:\wamp64\www\SGE\protected\controllers\SiteController.php (317)
in C:\wamp64\www\SGE\index.php (13)
2017/05/03 20:59:51 [trace] [system.db.CDbCommand] Querying SQL: SHOW FULL COLUMNS FROM `usuario_rol`
in C:\wamp64\www\SGE\protected\components\UserIdentity.php (27)
in C:\wamp64\www\SGE\protected\controllers\SiteController.php (317)
in C:\wamp64\www\SGE\index.php (13)
2017/05/03 20:59:51 [trace] [system.db.CDbCommand] Querying SQL: SHOW CREATE TABLE `usuario_rol`
in C:\wamp64\www\SGE\protected\components\UserIdentity.php (27)
in C:\wamp64\www\SGE\protected\controllers\SiteController.php (317)
in C:\wamp64\www\SGE\index.php (13)
2017/05/03 20:59:51 [trace] [system.db.CDbCommand] Querying SQL: SELECT * FROM `usuario_rol` `t` WHERE `t`.`id_usuario`=:yp0 LIMIT 1
in C:\wamp64\www\SGE\protected\components\UserIdentity.php (27)
in C:\wamp64\www\SGE\protected\controllers\SiteController.php (317)
in C:\wamp64\www\SGE\index.php (13)
2017/05/03 20:59:51 [trace] [system.db.ar.CActiveRecord] Usuario.findByAttributes()
in C:\wamp64\www\SGE\protected\controllers\SiteController.php (319)
in C:\wamp64\www\SGE\index.php (13)
2017/05/03 20:59:51 [trace] [system.db.CDbCommand] Querying SQL: SELECT * FROM `usuario` `t` WHERE `t`.`dni`=:yp0 LIMIT 1
in C:\wamp64\www\SGE\protected\controllers\SiteController.php (319)
in C:\wamp64\www\SGE\index.php (13)
2017/05/03 20:59:51 [trace] [system.db.ar.CActiveRecord] Usuario.update()
in C:\wamp64\www\SGE\protected\controllers\SiteController.php (326)
in C:\wamp64\www\SGE\index.php (13)
2017/05/03 20:59:51 [trace] [system.db.ar.CActiveRecord] Usuario.updateByPk()
in C:\wamp64\www\SGE\protected\controllers\SiteController.php (326)
in C:\wamp64\www\SGE\index.php (13)
2017/05/03 20:59:51 [trace] [system.db.CDbCommand] Executing SQL: UPDATE `usuario` SET `id`=:yp0, `nombre`=:yp1, `apellido`=:yp2, `dni`=:yp3, `email`=:yp4, `estado`=:yp5, `sexo`=:yp6, `fecha_nacimiento`=:yp7, `celular`=:yp8, `domicilio`=:yp9, `id_localidad`=:yp10, `id_carrera`=:yp11, `hased_paswword`=:yp12, `last_login`=:yp13, `created`=:yp14, `last_update`=:yp15 WHERE `usuario`.`id`=10
in C:\wamp64\www\SGE\protected\controllers\SiteController.php (326)
in C:\wamp64\www\SGE\index.php (13)
2017/05/03 23:59:51 [trace] [system.CModule] Loading "log" application component
in C:\wamp64\www\SGE\index.php (13)
2017/05/03 23:59:51 [trace] [system.CModule] Loading "booster" application component
in C:\wamp64\www\SGE\index.php (13)
2017/05/03 23:59:51 [trace] [system.CModule] Loading "clientScript" application component
in C:\wamp64\www\SGE\protected\extensions\booster\components\Booster.php (419)
in C:\wamp64\www\SGE\protected\extensions\booster\components\Booster.php (211)
in C:\wamp64\www\SGE\index.php (13)
2017/05/03 23:59:51 [trace] [system.CModule] Loading "assetManager" application component
in C:\wamp64\www\SGE\protected\extensions\booster\components\Booster.php (412)
in C:\wamp64\www\SGE\protected\extensions\booster\components\packages.php (14)
in C:\wamp64\www\SGE\protected\extensions\booster\components\Booster.php (259)
2017/05/03 23:59:51 [trace] [system.CModule] Loading "request" application component
in C:\wamp64\www\SGE\protected\extensions\booster\components\Booster.php (412)
in C:\wamp64\www\SGE\protected\extensions\booster\components\packages.php (14)
in C:\wamp64\www\SGE\protected\extensions\booster\components\Booster.php (259)
2017/05/03 23:59:51 [trace] [system.CModule] Loading "urlManager" application component
in C:\wamp64\www\SGE\index.php (13)
2017/05/03 23:59:51 [trace] [system.web.filters.CFilterChain] Running filter SiteController.filteraccessControl()
in C:\wamp64\www\SGE\index.php (13)
2017/05/03 23:59:51 [trace] [system.CModule] Loading "user" application component
in C:\wamp64\www\SGE\index.php (13)
2017/05/03 23:59:51 [trace] [system.CModule] Loading "session" application component
in C:\wamp64\www\SGE\index.php (13)
2017/05/03 23:59:51 [trace] [system.CModule] Loading "themeManager" application component
in C:\wamp64\www\SGE\protected\controllers\SiteController.php (79)
in C:\wamp64\www\SGE\index.php (13)
2017/05/03 23:59:51 [trace] [system.CModule] Loading "widgetFactory" application component
in C:\wamp64\www\SGE\protected\extensions\heart\views\layouts\column1.php (2)
in C:\wamp64\www\SGE\protected\controllers\SiteController.php (79)
in C:\wamp64\www\SGE\index.php (13)
